2026-03-08 13:13:55:327 [Appium] Welcome to Appium v3.2.0
2026-03-08 13:13:55:329 [Appium] Non-default server args:
2026-03-08 13:13:55:329 [Appium] { address: '127.0.0.1', allowInsecure: [ '*:chromedriver_autodownload' ] }
2026-03-08 13:13:55:329 [Appium] Explicitly enabling insecure features:
2026-03-08 13:13:55:330 [Appium]     *:chromedriver_autodownload
2026-03-08 13:13:55:330 [Appium] The autodetected Appium home path: C:\Users\Srinath\.appium
2026-03-08 13:13:55:330 [Appium] Attempting to load driver uiautomator2...
2026-03-08 13:13:55:352 [Appium] Requiring driver at C:\Users\Srinath\.appium\node_modules\appium-uiautomator2-driver\build\index.js
2026-03-08 13:13:55:917 [Appium] AndroidUiautomator2Driver has been successfully loaded in 0.587s
2026-03-08 13:13:55:933 [Appium] Appium REST http interface listener started on http://127.0.0.1:4723
2026-03-08 13:13:55:933 [Appium] Available drivers:
2026-03-08 13:13:55:934 [Appium]   - uiautomator2@6.3.0 (automationName 'UiAutomator2')
2026-03-08 13:13:55:934 [Appium] No plugins have been installed. Use the "appium plugin" command to install the one(s) you want to use.
2026-03-08 13:13:57:394 [HTTP] Request idempotency key: 7eec9749-3307-4ccb-ba54-c4aec924b2ad
2026-03-08 13:13:57:403 [HTTP] --> POST /session {"capabilities":{"firstMatch":[{}],"alwaysMatch":{"appium:automationName":"UiAutomator2","platformName":"Android","appium:deviceName":"oneplus","appium:udid":"KZ4HUSYP65USP7HY","appium:appPackage":"io.appium.android.apis","appium:appActivity":"io.appium.android.apis.ApiDemos","appium:noReset":false,"appium:autoGrantPermissions":true,"appium:waitForIdleTimeout":0,"appium:waitForSelectorTimeout":0}}}
2026-03-08 13:13:57:405 [AppiumDriver@1ae1] Calling AppiumDriver.createSession() with args: [{"firstMatch":[{}],"alwaysMatch":{"appium:automationName":"UiAutomator2","platformName":"Android","appium:deviceName":"oneplus","appium:udid":"KZ4HUSYP65USP7HY","appium:appPackage":"io.appium.android.apis","appium:appActivity":"io.appium.android.apis.ApiDemos","appium:noReset":false,"appium:autoGrantPermissions":true,"appium:waitForIdleTimeout":0,"appium:waitForSelectorTimeout":0}},{"firstMatch":[{}],"alwaysMatch":{"appium:automationName":"UiAutomator2","platformName":"Android","appium:deviceName":"oneplus","appium:udid":"KZ4HUSYP65USP7HY","appium:appPackage":"io.appium.android.apis","appium:appActivity":"io.appium.android.apis.ApiDemos","appium:noReset":false,"appium:autoGrantPermissions":true,"appium:waitForIdleTimeout":0,"appium:waitForSelectorTimeout":0}},{"firstMatch":[{}],"alwaysMatch":{"appium:automationName":"UiAutomator2","platformName":"Android","appium:deviceName":"oneplus","appium:udid":"KZ4HUSYP65USP7HY","appium:appPackage":"io.appium.android.apis","appium:appActivity":"io.appium.android.apis...
2026-03-08 13:13:57:405 [AppiumDriver@1ae1] Event 'newSessionRequested' logged at 1772975637405 (18:43:57 GMT+0530 (India Standard Time))
2026-03-08 13:13:57:407 [Appium] Attempting to find matching driver for automationName 'UiAutomator2' and platformName 'Android'
2026-03-08 13:13:57:407 [Appium] The 'uiautomator2' driver was installed and matched caps.
2026-03-08 13:13:57:407 [Appium] Will require it at C:\Users\Srinath\.appium\node_modules\appium-uiautomator2-driver
2026-03-08 13:13:57:409 [Appium] Requiring driver at C:\Users\Srinath\.appium\node_modules\appium-uiautomator2-driver\build\index.js
2026-03-08 13:13:57:409 [AppiumDriver@1ae1] Appium v3.2.0 creating new AndroidUiautomator2Driver (v6.3.0) session
2026-03-08 13:13:57:409 [AppiumDriver@1ae1] Checking BaseDriver versions for Appium and AndroidUiautomator2Driver
2026-03-08 13:13:57:409 [AppiumDriver@1ae1] Appium's BaseDriver version is 10.2.0
2026-03-08 13:13:57:409 [AppiumDriver@1ae1] AndroidUiautomator2Driver's BaseDriver version is 10.1.1
2026-03-08 13:13:57:411 [AppiumDriver@1ae1] Explicitly enabling insecure features for this session as per the server configuration:
2026-03-08 13:13:57:411 [AppiumDriver@1ae1]     *:chromedriver_autodownload
2026-03-08 13:13:57:412 [AndroidUiautomator2Driver@ec3c] 
2026-03-08 13:13:57:412 [AndroidUiautomator2Driver@ec3c] Creating session with W3C capabilities: {
  "alwaysMatch": {
    "platformName": "Android",
    "appium:automationName": "UiAutomator2",
    "appium:deviceName": "oneplus",
    "appium:udid": "KZ4HUSYP65USP7HY",
    "appium:appPackage": "io.appium.android.apis",
    "appium:appActivity": "io.appium.android.apis.ApiDemos",
    "appium:noReset": false,
    "appium:autoGrantPermissions": true,
    "appium:waitForIdleTimeout": 0,
    "appium:waitForSelectorTimeout": 0
  },
  "firstMatch": [
    {}
  ]
}
2026-03-08 13:13:57:417 [AndroidUiautomator2Driver@ec3c] The following provided capabilities were not recognized by this driver:
2026-03-08 13:13:57:418 [AndroidUiautomator2Driver@ec3c]   waitForIdleTimeout
2026-03-08 13:13:57:418 [AndroidUiautomator2Driver@ec3c]   waitForSelectorTimeout
2026-03-08 13:13:57:418 [24dd1753][AndroidUiautomator2Driver@ec3c] Session created with session id: 24dd1753-2f69-4b9a-9766-c86fec4f0e75
2026-03-08 13:13:57:425 [24dd1753][ADB] Found 2 'build-tools' folders under 'C:\Users\Srinath\AppData\Local\Android\Sdk' (newest first):
2026-03-08 13:13:57:425 [24dd1753][ADB]     C:\Users\Srinath\AppData\Local\Android\Sdk\build-tools\36.1.0
2026-03-08 13:13:57:425 [24dd1753][ADB]     C:\Users\Srinath\AppData\Local\Android\Sdk\build-tools\35.0.0
2026-03-08 13:13:57:426 [24dd1753][ADB] Using 'adb.exe' from 'C:\Users\Srinath\AppData\Local\Android\Sdk\platform-tools\adb.exe'
2026-03-08 13:13:57:426 [24dd1753][ADB] Running 'C:\Users\Srinath\AppData\Local\Android\Sdk\platform-tools\adb.exe -P 5037 start-server'
2026-03-08 13:13:57:461 [24dd1753][AndroidUiautomator2Driver@ec3c] Retrieving device list
2026-03-08 13:13:57:461 [24dd1753][ADB] Trying to find connected Android devices
2026-03-08 13:13:57:462 [24dd1753][ADB] Getting connected devices
2026-03-08 13:13:57:518 [24dd1753][ADB] Connected devices: [{"udid":"KZ4HUSYP65USP7HY","state":"device"}]
2026-03-08 13:13:57:518 [24dd1753][AndroidUiautomator2Driver@ec3c] Using device: KZ4HUSYP65USP7HY
2026-03-08 13:13:57:520 [24dd1753][ADB] Using 'adb.exe' from 'C:\Users\Srinath\AppData\Local\Android\Sdk\platform-tools\adb.exe'
2026-03-08 13:13:57:520 [24dd1753][ADB] Running 'C:\Users\Srinath\AppData\Local\Android\Sdk\platform-tools\adb.exe -P 5037 start-server'
2026-03-08 13:13:57:555 [24dd1753][ADB] Setting device id to KZ4HUSYP65USP7HY
2026-03-08 13:13:57:555 [24dd1753][AndroidUiautomator2Driver@ec3c] Starting 'io.appium.android.apis' directly on the device
2026-03-08 13:13:57:555 [24dd1753][ADB] Running 'C:\Users\Srinath\AppData\Local\Android\Sdk\platform-tools\adb.exe -P 5037 -s KZ4HUSYP65USP7HY shell getprop ro.build.version.sdk'
2026-03-08 13:13:57:691 [24dd1753][ADB] Current device property 'ro.build.version.sdk': 29
2026-03-08 13:13:57:692 [24dd1753][ADB] Getting device platform version
2026-03-08 13:13:57:692 [24dd1753][ADB] Running 'C:\Users\Srinath\AppData\Local\Android\Sdk\platform-tools\adb.exe -P 5037 -s KZ4HUSYP65USP7HY shell getprop ro.build.version.release'
2026-03-08 13:13:57:853 [24dd1753][ADB] Current device property 'ro.build.version.release': 10
2026-03-08 13:13:57:853 [24dd1753][ADB] Device API level: 29
2026-03-08 13:13:57:854 [24dd1753][AndroidUiautomator2Driver@ec3c] Relaxing hidden api policy
2026-03-08 13:13:57:854 [24dd1753][ADB] Running 'C:\Users\Srinath\AppData\Local\Android\Sdk\platform-tools\adb.exe -P 5037 -s KZ4HUSYP65USP7HY shell 'settings put global hidden_api_policy_pre_p_apps 1;settings put global hidden_api_policy_p_apps 1;settings put global hidden_api_policy 1''
2026-03-08 13:13:57:860 [24dd1753][AndroidUiautomator2Driver@ec3c] Pushing settings apk to the device...
2026-03-08 13:13:57:861 [24dd1753][ADB] Getting package info for 'io.appium.settings'
2026-03-08 13:13:57:861 [24dd1753][ADB] Running 'C:\Users\Srinath\AppData\Local\Android\Sdk\platform-tools\adb.exe -P 5037 -s KZ4HUSYP65USP7HY shell dumpsys package io.appium.settings'
2026-03-08 13:13:58:079 [24dd1753][ADB] Using 'aapt2.exe' from 'C:\Users\Srinath\AppData\Local\Android\Sdk\build-tools\36.1.0\aapt2.exe'
2026-03-08 13:13:58:079 [24dd1753][ADB] Reading package manifest: ''C:\Users\Srinath\AppData\Local\Android\Sdk\build-tools\36.1.0\aapt2.exe' dump badging 'C:\Users\Srinath\.appium\node_modules\appium-uiautomator2-driver\node_modules\io.appium.settings\apks\settings_apk-debug.apk''
2026-03-08 13:13:58:120 [24dd1753][ADB] The version code of the installed 'io.appium.settings' is greater than the application version code (159 > 145)
2026-03-08 13:13:58:120 [24dd1753][ADB] There is no need to downgrade 'io.appium.settings'
2026-03-08 13:13:58:120 [24dd1753][ADB] Running 'C:\Users\Srinath\AppData\Local\Android\Sdk\platform-tools\adb.exe -P 5037 -s KZ4HUSYP65USP7HY shell dumpsys activity services io.appium.settings'
2026-03-08 13:13:58:299 [24dd1753][AndroidUiautomator2Driver@ec3c] io.appium.settings is already running. There is no need to reset its permissions.
2026-03-08 13:13:58:300 [24dd1753][ADB] Running 'C:\Users\Srinath\AppData\Local\Android\Sdk\platform-tools\adb.exe -P 5037 -s KZ4HUSYP65USP7HY shell appops set io.appium.settings android:mock_location allow'
2026-03-08 13:13:58:305 [24dd1753][Logcat] Starting logs capture with command: 'C:\Users\Srinath\AppData\Local\Android\Sdk\platform-tools\adb.exe' -P 5037 -s KZ4HUSYP65USP7HY logcat -v threadtime
2026-03-08 13:13:58:519 [24dd1753][ADB] Running 'C:\Users\Srinath\AppData\Local\Android\Sdk\platform-tools\adb.exe -P 5037 -s KZ4HUSYP65USP7HY shell "[ -e '/data/local/tmp/mock_apps.json' ] && echo __PASS__"'
2026-03-08 13:13:58:615 [24dd1753][ADB] Running 'C:\Users\Srinath\AppData\Local\Android\Sdk\platform-tools\adb.exe -P 5037 -s KZ4HUSYP65USP7HY shell cat /data/local/tmp/mock_apps.json'
2026-03-08 13:13:58:761 [24dd1753][AndroidUiautomator2Driver@ec3c] Forwarding UiAutomator2 Server port 6790 to local port 8200
2026-03-08 13:13:58:762 [24dd1753][ADB] Forwarding system: 8200 to device: 6790
2026-03-08 13:13:58:762 [24dd1753][ADB] Running 'C:\Users\Srinath\AppData\Local\Android\Sdk\platform-tools\adb.exe -P 5037 -s KZ4HUSYP65USP7HY forward tcp:8200 tcp:6790'
2026-03-08 13:13:58:823 [24dd1753][AndroidUiautomator2Driver@ec3c] UIA2Proxy options: {"server":"127.0.0.1","port":8200,"keepAlive":true,"scheme":"http","base":"","reqBasePath":"","sessionId":null,"timeout":240000}
2026-03-08 13:13:58:824 [24dd1753][ADB] Getting package info for 'io.appium.uiautomator2.server'
2026-03-08 13:13:58:824 [24dd1753][ADB] Running 'C:\Users\Srinath\AppData\Local\Android\Sdk\platform-tools\adb.exe -P 5037 -s KZ4HUSYP65USP7HY shell dumpsys package io.appium.uiautomator2.server'
2026-03-08 13:13:58:828 [24dd1753][ADB] Getting install status for io.appium.uiautomator2.server.test
2026-03-08 13:13:58:828 [24dd1753][AndroidUiautomator2Driver@ec3c] No app capability. Assuming it is already on the device
2026-03-08 13:13:58:828 [24dd1753][ADB] Getting install status for io.appium.android.apis
2026-03-08 13:13:58:828 [24dd1753][ADB] Running 'C:\Users\Srinath\AppData\Local\Android\Sdk\platform-tools\adb.exe -P 5037 -s KZ4HUSYP65USP7HY shell cmd package list packages'
2026-03-08 13:13:58:833 [24dd1753][ADB] Running 'C:\Users\Srinath\AppData\Local\Android\Sdk\platform-tools\adb.exe -P 5037 -s KZ4HUSYP65USP7HY shell cmd package list packages'
2026-03-08 13:13:59:011 [24dd1753][ADB] 'io.appium.android.apis' is installed
2026-03-08 13:13:59:012 [24dd1753][ADB] Running 'C:\Users\Srinath\AppData\Local\Android\Sdk\platform-tools\adb.exe -P 5037 -s KZ4HUSYP65USP7HY shell am force-stop io.appium.android.apis'
2026-03-08 13:13:59:028 [24dd1753][ADB] Reading package manifest: ''C:\Users\Srinath\AppData\Local\Android\Sdk\build-tools\36.1.0\aapt2.exe' dump badging 'C:\Users\Srinath\.appium\node_modules\appium-uiautomator2-driver\node_modules\appium-uiautomator2-server\apks\appium-uiautomator2-server-v9.1.4.apk''
2026-03-08 13:13:59:058 [24dd1753][ADB] 'io.appium.uiautomator2.server.test' is installed
2026-03-08 13:13:59:101 [24dd1753][ADB] The version name of the installed 'io.appium.uiautomator2.server' is greater or equal to the application version name ('9.1.4' >= '9.1.4')
2026-03-08 13:13:59:101 [24dd1753][AndroidUiautomator2Driver@ec3c] Server packages status: [{"installState":"sameVersionInstalled","appPath":"C:\\Users\\Srinath\\.appium\\node_modules\\appium-uiautomator2-driver\\node_modules\\appium-uiautomator2-server\\apks\\appium-uiautomator2-server-v9.1.4.apk","appId":"io.appium.uiautomator2.server"},{"installState":"sameVersionInstalled","appPath":"C:\\Users\\Srinath\\.appium\\node_modules\\appium-uiautomator2-driver\\node_modules\\appium-uiautomator2-server\\apks\\appium-uiautomator2-server-debug-androidTest.apk","appId":"io.appium.uiautomator2.server.test"}]
2026-03-08 13:13:59:102 [24dd1753][AndroidUiautomator2Driver@ec3c] Server packages are not going to be (re)installed
2026-03-08 13:13:59:102 [24dd1753][AndroidUiautomator2Driver@ec3c] Waiting up to 30000ms for services to be available
2026-03-08 13:13:59:102 [24dd1753][ADB] Running 'C:\Users\Srinath\AppData\Local\Android\Sdk\platform-tools\adb.exe -P 5037 -s KZ4HUSYP65USP7HY shell pm list instrumentation'
2026-03-08 13:13:59:169 [24dd1753][ADB] Running 'C:\Users\Srinath\AppData\Local\Android\Sdk\platform-tools\adb.exe -P 5037 -s KZ4HUSYP65USP7HY shell pm clear io.appium.android.apis'
2026-03-08 13:13:59:249 [24dd1753][AndroidUiautomator2Driver@ec3c] Instrumentation target 'io.appium.uiautomator2.server.test/androidx.test.runner.AndroidJUnitRunner' is available
2026-03-08 13:13:59:250 [24dd1753][ADB] Adding packages ["io.appium.settings","io.appium.uiautomator2.server","io.appium.uiautomator2.server.test"] to Doze whitelist
2026-03-08 13:13:59:251 [24dd1753][ADB] Got the following command chunks to execute: [["dumpsys","deviceidle","whitelist","+io.appium.settings",";","dumpsys","deviceidle","whitelist","+io.appium.uiautomator2.server",";","dumpsys","deviceidle","whitelist","+io.appium.uiautomator2.server.test",";"]]
2026-03-08 13:13:59:251 [24dd1753][ADB] Running 'C:\Users\Srinath\AppData\Local\Android\Sdk\platform-tools\adb.exe -P 5037 -s KZ4HUSYP65USP7HY shell dumpsys deviceidle whitelist +io.appium.settings ; dumpsys deviceidle whitelist +io.appium.uiautomator2.server ; dumpsys deviceidle whitelist +io.appium.uiautomator2.server.test ;'
2026-03-08 13:13:59:320 [24dd1753][ADB] Running 'C:\Users\Srinath\AppData\Local\Android\Sdk\platform-tools\adb.exe -P 5037 -s KZ4HUSYP65USP7HY shell dumpsys package io.appium.android.apis'
2026-03-08 13:13:59:487 [24dd1753][ADB] Retrieving requested permissions
2026-03-08 13:13:59:489 [24dd1753][ADB] Retrieved 30 permissions from requested group
2026-03-08 13:13:59:489 [24dd1753][ADB] Retrieving granted permissions
2026-03-08 13:13:59:490 [24dd1753][ADB] Retrieved 4 permissions from install,runtime groups
2026-03-08 13:13:59:490 [24dd1753][ADB] Granting permissions ["android.permission.READ_CONTACTS","android.permission.WRITE_CONTACTS","android.permission.ACCESS_COARSE_LOCATION","android.permission.WRITE_EXTERNAL_STORAGE","android.permission.SEND_SMS","android.permission.RECEIVE_SMS","android.permission.RECORD_AUDIO","android.permission.CAMERA","android.permission.READ_EXTERNAL_STORAGE","android.permission.ACCESS_BACKGROUND_LOCATION","android.permission.ACCESS_MEDIA_LOCATION","android.permission.RECEIVE_SMS","android.permission.READ_EXTERNAL_STORAGE","android.permission.ACCESS_COARSE_LOCATION","android.permission.SEND_SMS","android.permission.WRITE_CONTACTS","android.permission.CAMERA","android.permission.WRITE_EXTERNAL_STORAGE","android.permission.RECORD_AUDIO","android.permission.READ_CONTACTS","android.permission.ACCESS_BACKGROUND_LOCATION","android.permission.ACCESS_MEDIA_LOCATION"] to 'io.appium.android.apis'
2026-03-08 13:13:59:490 [24dd1753][ADB] Got the following command chunks to execute: [["pm","grant","io.appium.android.apis","android.permission.READ_CONTACTS",";","pm","grant","io.appium.android.apis","android.permission.WRITE_CONTACTS",";","pm","grant","io.appium.android.apis","android.permission.ACCESS_COARSE_LOCATION",";","pm","grant","io.appium.android.apis","android.permission.WRITE_EXTERNAL_STORAGE",";","pm","grant","io.appium.android.apis","android.permission.SEND_SMS",";","pm","grant","io.appium.android.apis","android.permission.RECEIVE_SMS",";","pm","grant","io.appium.android.apis","android.permission.RECORD_AUDIO",";","pm","grant","io.appium.android.apis","android.permission.CAMERA",";","pm","grant","io.appium.android.apis","android.permission.READ_EXTERNAL_STORAGE",";","pm","grant","io.appium.android.apis","android.permission.ACCESS_BACKGROUND_LOCATION",";","pm","grant","io.appium.android.apis","android.permission.ACCESS_MEDIA_LOCATION",";","pm","grant","io.appium.android.apis","android.permission.RECEIVE_SMS",";","pm","grant","io.appium.android.apis","android.permission.READ_EXTERNAL_STORAGE",";","pm","grant","io.appium.android.apis","android.permission.ACCESS_COARSE_LOCATION",";"],["pm","grant","io.appium.android.apis","android.permission.SEND_SMS",";","pm","grant","io.appium.android.apis","android.permission.WRITE_CONTACTS",";","pm","grant","io.appium.android.apis","android.permission.CAMERA",";","pm","grant","io.appium.android.apis","android.permission.WRITE_EXTERNAL_STORAGE",";","pm","grant","io.appium.android.apis","android.permission.RECORD_AUDIO",";","pm","grant","io.appium.android.apis","android.permission.READ_CONTACTS",";","pm","grant","io.appium.android.apis","android.permission.ACCESS_BACKGROUND_LOCATION",";","pm","grant","io.appium.android.apis","android.permission.ACCESS_MEDIA_LOCATION",";"]]
2026-03-08 13:13:59:490 [24dd1753][ADB] Running 'C:\Users\Srinath\AppData\Local\Android\Sdk\platform-tools\adb.exe -P 5037 -s KZ4HUSYP65USP7HY shell pm grant io.appium.android.apis android.permission.READ_CONTACTS ; pm grant io.appium.android.apis android.permission.WRITE_CONTACTS ; pm grant io.appium.android.apis android.permission.ACCESS_COARSE_LOCATION ; pm grant io.appium.android.apis android.permission.WRITE_EXTERNAL_STORAGE ; pm grant io.appium.android.apis android.permission.SEND_SMS ; pm grant io.appium.android.apis android.permission.RECEIVE_SMS ; pm grant io.appium.android.apis android.permission.RECORD_AUDIO ; pm grant io.appium.android.apis android.permission.CAMERA ; pm grant io.appium.android.apis android.permission.READ_EXTERNAL_STORAGE ; pm grant io.appium.android.apis android.permission.ACCESS_BACKGROUND_LOCATION ; pm grant io.appium.android.apis android.permission.ACCESS_MEDIA_LOCATION ; pm grant io.appium.android.apis android.permission.RECEIVE_SMS ; pm grant io.appium.android.apis android.permission.READ_EXTERNAL_STORAGE ; pm grant io.appium.android.apis android.permission.ACCESS_COARSE_LOCATION ;'
2026-03-08 13:14:01:331 [24dd1753][ADB] Running 'C:\Users\Srinath\AppData\Local\Android\Sdk\platform-tools\adb.exe -P 5037 -s KZ4HUSYP65USP7HY shell pm grant io.appium.android.apis android.permission.SEND_SMS ; pm grant io.appium.android.apis android.permission.WRITE_CONTACTS ; pm grant io.appium.android.apis android.permission.CAMERA ; pm grant io.appium.android.apis android.permission.WRITE_EXTERNAL_STORAGE ; pm grant io.appium.android.apis android.permission.RECORD_AUDIO ; pm grant io.appium.android.apis android.permission.READ_CONTACTS ; pm grant io.appium.android.apis android.permission.ACCESS_BACKGROUND_LOCATION ; pm grant io.appium.android.apis android.permission.ACCESS_MEDIA_LOCATION ;'
2026-03-08 13:14:02:428 [24dd1753][AndroidUiautomator2Driver@ec3c] Performed fast reset on the installed 'io.appium.android.apis' application (stop and clear)
2026-03-08 13:14:02:430 [24dd1753][AndroidUiautomator2Driver@ec3c] Performing shallow cleanup of automation leftovers
2026-03-08 13:14:02:486 [24dd1753][AndroidUiautomator2Driver@ec3c] No obsolete sessions have been detected (socket hang up)
2026-03-08 13:14:02:487 [24dd1753][ADB] Running 'C:\Users\Srinath\AppData\Local\Android\Sdk\platform-tools\adb.exe -P 5037 -s KZ4HUSYP65USP7HY shell am force-stop io.appium.uiautomator2.server'
2026-03-08 13:14:02:492 [24dd1753][ADB] Running 'C:\Users\Srinath\AppData\Local\Android\Sdk\platform-tools\adb.exe -P 5037 -s KZ4HUSYP65USP7HY shell am force-stop io.appium.uiautomator2.server.test'
2026-03-08 13:14:02:730 [24dd1753][AndroidUiautomator2Driver@ec3c] Starting UIAutomator2 server 9.1.4
2026-03-08 13:14:02:731 [24dd1753][AndroidUiautomator2Driver@ec3c] Using UIAutomator2 server from 'C:\Users\Srinath\.appium\node_modules\appium-uiautomator2-driver\node_modules\appium-uiautomator2-server\apks\appium-uiautomator2-server-v9.1.4.apk' and test from 'C:\Users\Srinath\.appium\node_modules\appium-uiautomator2-driver\node_modules\appium-uiautomator2-server\apks\appium-uiautomator2-server-debug-androidTest.apk'
2026-03-08 13:14:02:731 [24dd1753][AndroidUiautomator2Driver@ec3c] Waiting up to 30000ms for UiAutomator2 to be online...
2026-03-08 13:14:02:732 [24dd1753][ADB] Creating ADB subprocess with args: ["-P","5037","-s","KZ4HUSYP65USP7HY","shell","am","instrument","-w","-e","disableAnalytics","true","io.appium.uiautomator2.server.test/androidx.test.runner.AndroidJUnitRunner"]
2026-03-08 13:14:02:738 [24dd1753][AndroidUiautomator2Driver@ec3c] Matched '/status' to command name 'getStatus'
2026-03-08 13:14:02:739 [24dd1753][AndroidUiautomator2Driver@ec3c] Proxying [GET /status] to [GET http://127.0.0.1:8200/status] with no body
2026-03-08 13:14:02:755 [24dd1753][AndroidUiautomator2Driver@ec3c] socket hang up
2026-03-08 13:14:03:761 [24dd1753][AndroidUiautomator2Driver@ec3c] Matched '/status' to command name 'getStatus'
2026-03-08 13:14:03:761 [24dd1753][AndroidUiautomator2Driver@ec3c] Proxying [GET /status] to [GET http://127.0.0.1:8200/status] with no body
2026-03-08 13:14:03:775 [24dd1753][AndroidUiautomator2Driver@ec3c] socket hang up
2026-03-08 13:14:04:785 [24dd1753][AndroidUiautomator2Driver@ec3c] Matched '/status' to command name 'getStatus'
2026-03-08 13:14:04:786 [24dd1753][AndroidUiautomator2Driver@ec3c] Proxying [GET /status] to [GET http://127.0.0.1:8200/status] with no body
2026-03-08 13:14:04:801 [24dd1753][AndroidUiautomator2Driver@ec3c] socket hang up
2026-03-08 13:14:05:805 [24dd1753][AndroidUiautomator2Driver@ec3c] Matched '/status' to command name 'getStatus'
2026-03-08 13:14:05:805 [24dd1753][AndroidUiautomator2Driver@ec3c] Proxying [GET /status] to [GET http://127.0.0.1:8200/status] with no body
2026-03-08 13:14:05:815 [24dd1753][AndroidUiautomator2Driver@ec3c] socket hang up
2026-03-08 13:14:06:667 [24dd1753][AndroidUiautomator2Driver@ec3c] [Instrumentation] 
2026-03-08 13:14:06:815 [24dd1753][AndroidUiautomator2Driver@ec3c] Matched '/status' to command name 'getStatus'
2026-03-08 13:14:06:816 [24dd1753][AndroidUiautomator2Driver@ec3c] Proxying [GET /status] to [GET http://127.0.0.1:8200/status] with no body
2026-03-08 13:14:06:833 [24dd1753][AndroidUiautomator2Driver@ec3c] socket hang up
2026-03-08 13:14:07:836 [24dd1753][AndroidUiautomator2Driver@ec3c] Matched '/status' to command name 'getStatus'
2026-03-08 13:14:07:836 [24dd1753][AndroidUiautomator2Driver@ec3c] Proxying [GET /status] to [GET http://127.0.0.1:8200/status] with no body
2026-03-08 13:14:08:312 [24dd1753][AndroidUiautomator2Driver@ec3c] Got response with status 200: {"sessionId":"None","value":{"build":{"version":"9.1.4","versionCode":231},"message":"UiAutomator2 Server is ready to accept commands","ready":true}}
2026-03-08 13:14:08:312 [24dd1753][AndroidUiautomator2Driver@ec3c] The initialization of the instrumentation process took 5581ms
2026-03-08 13:14:08:312 [24dd1753][AndroidUiautomator2Driver@ec3c] Matched '/session' to command name 'createSession'
2026-03-08 13:14:08:313 [24dd1753][AndroidUiautomator2Driver@ec3c] Proxying [POST /session] to [POST http://127.0.0.1:8200/session] with body: {"capabilities":{"firstMatch":[{"platformName":"Android","automationName":"UiAutomator2","deviceName":"KZ4HUSYP65USP7HY","udid":"KZ4HUSYP65USP7HY","appPackage":"io.appium.android.apis","appActivity":"io.appium.android.apis.ApiDemos","noReset":false,"autoGrantPermissions":true,"waitForIdleTimeout":0,"waitForSelectorTimeout":0,"platform":"LINUX","webStorageEnabled":false,"takesScreenshot":true,"javascriptEnabled":true,"databaseEnabled":false,"networkConnectionEnabled":true,"locationContextEnabled":false,"warnings":{},"desired":{"platformName":"Android","automationName":"UiAutomator2","deviceName":"oneplus","udid":"KZ4HUSYP65USP7HY","appPackage":"io.appium.android.apis","appActivity":"io.appium.android.apis.ApiDemos","noReset":false,"autoGrantPermissions":true,"waitForIdleTimeout":0,"waitForSelectorTimeout":0},"deviceUDID":"KZ4HUSYP65USP7HY"}],"alwaysMatch":{}}}
2026-03-08 13:14:08:439 [24dd1753][AndroidUiautomator2Driver@ec3c] Got response with status 200: {"sessionId":"d68fccb8-166e-4c85-8e5e-74f207f91791","value":{"capabilities":{"firstMatch":[{"platformName":"Android","automationName":"UiAutomator2","deviceName":"KZ4HUSYP65USP7HY","udid":"KZ4HUSYP65USP7HY","appPackage":"io.appium.android.apis","appActivity":"io.appium.android.apis.ApiDemos","noReset":false,"autoGrantPermissions":true,"waitForIdleTimeout":0,"waitForSelectorTimeout":0,"platform":"LINUX","webStorageEnabled":false,"takesScreenshot":true,"javascriptEnabled":true,"databaseEnabled":false,"networkConnectionEnabled":true,"locationContextEnabled":false,"warnings":{},"desired":{"platformName":"Android","automationName":"UiAutomator2","deviceName":"oneplus","udid":"KZ4HUSYP65USP7HY","appPackage":"io.appium.android.apis","appActivity":"io.appium.android.apis.ApiDemos","noReset":false,"autoGrantPermissions":true,"waitForIdleTimeout":0,"waitForSelectorTimeout":0},"deviceUDID":"KZ4HUSYP65USP7HY"}],"alwaysMatch":{}},"sessionId":"d68fccb8-166e-4c85-8e5e-74f207f91791"}}
2026-03-08 13:14:08:440 [24dd1753][AndroidUiautomator2Driver@ec3c] Determined the downstream protocol as 'W3C'
2026-03-08 13:14:08:447 [24dd1753][AndroidUiautomator2Driver@ec3c] Proxying [GET /appium/device/pixel_ratio] to [GET http://127.0.0.1:8200/session/d68fccb8-166e-4c85-8e5e-74f207f91791/appium/device/pixel_ratio] with no body
2026-03-08 13:14:08:449 [24dd1753][AndroidUiautomator2Driver@ec3c] Proxying [GET /appium/device/system_bars] to [GET http://127.0.0.1:8200/session/d68fccb8-166e-4c85-8e5e-74f207f91791/appium/device/system_bars] with no body
2026-03-08 13:14:08:451 [24dd1753][AndroidUiautomator2Driver@ec3c] Proxying [GET /window/current/size] to [GET http://127.0.0.1:8200/session/d68fccb8-166e-4c85-8e5e-74f207f91791/window/current/size] with no body
2026-03-08 13:14:08:452 [24dd1753][AndroidUiautomator2Driver@ec3c] Proxying [GET /appium/device/info] to [GET http://127.0.0.1:8200/session/d68fccb8-166e-4c85-8e5e-74f207f91791/appium/device/info] with no body
2026-03-08 13:14:08:453 [24dd1753][ADB] Running 'C:\Users\Srinath\AppData\Local\Android\Sdk\platform-tools\adb.exe -P 5037 -s KZ4HUSYP65USP7HY shell dumpsys window'
2026-03-08 13:14:08:457 [24dd1753][ADB] Running 'C:\Users\Srinath\AppData\Local\Android\Sdk\platform-tools\adb.exe -P 5037 -s KZ4HUSYP65USP7HY shell dumpsys power'
2026-03-08 13:14:08:502 [24dd1753][AndroidUiautomator2Driver@ec3c] Got response with status 200: {"sessionId":"d68fccb8-166e-4c85-8e5e-74f207f91791","value":2}
2026-03-08 13:14:08:600 [24dd1753][AndroidUiautomator2Driver@ec3c] Got response with status 200: {"sessionId":"d68fccb8-166e-4c85-8e5e-74f207f91791","value":{"statusBar":55}}
2026-03-08 13:14:08:615 [24dd1753][AndroidUiautomator2Driver@ec3c] Got response with status 200: {"sessionId":"d68fccb8-166e-4c85-8e5e-74f207f91791","value":{"height":1600,"width":720}}
2026-03-08 13:14:08:690 [24dd1753][AndroidUiautomator2Driver@ec3c] Got response with status 200: {"sessionId":"d68fccb8-166e-4c85-8e5e-74f207f91791","value":{"androidId":"4f1c9f14d9b71fbe","apiVersion":"29","bluetooth":{"state":"OFF"},"brand":"Redmi","carrierName":"","displayDensity":320,"locale":"en_IN","manufacturer":"Xiaomi","model":"M2006C3LI","networks":[{"capabilities":{"SSID":null,"linkDownBandwidthKbps":1048576,"linkUpstreamBandwidthKbps":1048576,"networkCapabilities":"NET_CAPABILITY_NOT_METERED,NET_CAPABILITY_INTERNET,NET_CAPABILITY_NOT_RESTRICTED,NET_CAPABILITY_TRUSTED,NET_CAPABILITY_NOT_VPN,NET_CAPABILITY_VALIDATED,NET_CAPABILITY_NOT_ROAMING,NET_CAPABILITY_FOREGROUND,NET_CAPABILITY_NOT_CONGESTED,NET_CAPABILITY_NOT_SUSPENDED","signalStrength":-26,"transportTypes":"TRANSPORT_WIFI"},"detailedState":"CONNECTED","extraInfo":null,"isAvailable":true,"isConnected":true,"isFailover":false,"isRoaming":false,"state":"CONNECTED","subtype":0,"subtypeName":"","type":1,"typeName":"WIFI"}],"platformVersion":"10","realDisplaySize":"720x1600","timeZone":"Asia/Kolkata"}}
2026-03-08 13:14:08:766 [24dd1753][AndroidUiautomator2Driver@ec3c] Screen already unlocked, doing nothing
2026-03-08 13:14:08:766 [24dd1753][AndroidUiautomator2Driver@ec3c] Starting 'io.appium.android.apis/io.appium.android.apis.ApiDemos' and waiting for 'io.appium.android.apis/io.appium.android.apis.ApiDemos'
2026-03-08 13:14:08:767 [24dd1753][ADB] Running 'C:\Users\Srinath\AppData\Local\Android\Sdk\platform-tools\adb.exe -P 5037 -s KZ4HUSYP65USP7HY shell am start-activity -W -n io.appium.android.apis/io.appium.android.apis.ApiDemos -S -a android.intent.action.MAIN -c android.intent.category.LAUNCHER -f 0x10200000'
2026-03-08 13:14:10:896 [24dd1753][AppiumDriver@1ae1] New AndroidUiautomator2Driver session created successfully, session 24dd1753-2f69-4b9a-9766-c86fec4f0e75 added to master session list
2026-03-08 13:14:10:896 [24dd1753][AppiumDriver@1ae1] Event 'newSessionStarted' logged at 1772975650896 (18:44:10 GMT+0530 (India Standard Time))
2026-03-08 13:14:10:896 [24dd1753][AndroidUiautomator2Driver@ec3c] Cached the protocol value 'W3C' for the new session 24dd1753-2f69-4b9a-9766-c86fec4f0e75
2026-03-08 13:14:10:897 [24dd1753][AndroidUiautomator2Driver@ec3c] Responding to client with driver.createSession() result: {"capabilities":{"platformName":"Android","automationName":"UiAutomator2","deviceName":"KZ4HUSYP65USP7HY","udid":"KZ4HUSYP65USP7HY","appPackage":"io.appium.android.apis","appActivity":"io.appium.android.apis.ApiDemos","noReset":false,"autoGrantPermissions":true,"waitForIdleTimeout":0,"waitForSelectorTimeout":0,"platform":"LINUX","webStorageEnabled":false,"takesScreenshot":true,"javascriptEnabled":true,"databaseEnabled":false,"networkConnectionEnabled":true,"locationContextEnabled":false,"warnings":{},"desired":{"platformName":"Android","automationName":"UiAutomator2","deviceName":"oneplus","udid":"KZ4HUSYP65USP7HY","appPackage":"io.appium.android.apis","appActivity":"io.appium.android.apis.ApiDemos","noReset":false,"autoGrantPermissions":true,"waitForIdleTimeout":0,"waitForSelectorTimeout":0},"deviceUDID":"KZ4HUSYP65USP7HY","pixelRatio":"2","statBarHeight":55,"viewportRect":{"left":0,"top":55,"width":720,"height":1545},"deviceApiLevel":29,"platformVersion":"10","deviceManufacturer":"Xiaomi","deviceModel":"...
2026-03-08 13:14:10:899 [24dd1753][HTTP] <-- POST /session 200 13495 ms - 1150 
2026-03-08 13:14:10:901 [24dd1753][HTTP] --> POST /session/24dd1753-2f69-4b9a-9766-c86fec4f0e75/execute/sync {"script":"mobile: getCurrentActivity","args":[]}
2026-03-08 13:14:10:903 [24dd1753][AndroidUiautomator2Driver@ec3c] Calling AppiumDriver.execute() with args: ["mobile: getCurrentActivity",[],"24dd1753-2f69-4b9a-9766-c86fec4f0e75"]
2026-03-08 13:14:10:904 [24dd1753][ADB] Getting focused package and activity
2026-03-08 13:14:10:904 [24dd1753][ADB] Running 'C:\Users\Srinath\AppData\Local\Android\Sdk\platform-tools\adb.exe -P 5037 -s KZ4HUSYP65USP7HY shell dumpsys window displays'
2026-03-08 13:14:11:008 [24dd1753][AndroidUiautomator2Driver@ec3c] Responding to client with driver.execute() result: ".ApiDemos"
2026-03-08 13:14:11:010 [24dd1753][HTTP] <-- POST /session/24dd1753-2f69-4b9a-9766-c86fec4f0e75/execute/sync 200 108 ms - 21 
2026-03-08 13:14:11:011 [24dd1753][HTTP] --> POST /session/24dd1753-2f69-4b9a-9766-c86fec4f0e75/element {"using":"accessibility id","value":"App"}
2026-03-08 13:14:11:012 [24dd1753][AndroidUiautomator2Driver@ec3c] Calling AppiumDriver.findElement() with args: ["accessibility id","App","24dd1753-2f69-4b9a-9766-c86fec4f0e75"]
2026-03-08 13:14:11:012 [24dd1753][AndroidUiautomator2Driver@ec3c] Valid locator strategies for this request: xpath, id, class name, accessibility id, css selector, -android uiautomator
2026-03-08 13:14:11:013 [24dd1753][AndroidUiautomator2Driver@ec3c] Waiting up to 0 ms for condition
2026-03-08 13:14:11:013 [24dd1753][AndroidUiautomator2Driver@ec3c] Matched '/element' to command name 'findElement'
2026-03-08 13:14:11:013 [24dd1753][AndroidUiautomator2Driver@ec3c] Proxying [POST /element] to [POST http://127.0.0.1:8200/session/d68fccb8-166e-4c85-8e5e-74f207f91791/element] with body: {"strategy":"accessibility id","selector":"App","context":"","multiple":false}
2026-03-08 13:14:11:114 [24dd1753][AndroidUiautomator2Driver@ec3c] Got response with status 200: {"sessionId":"d68fccb8-166e-4c85-8e5e-74f207f91791","value":{"ELEMENT":"00000000-0000-0a0c-ffff-ffff0000000c","element-6066-11e4-a52e-4f735466cecf":"00000000-0000-0a0c-ffff-ffff0000000c"}}
2026-03-08 13:14:11:115 [24dd1753][AndroidUiautomator2Driver@ec3c] Responding to client with driver.findElement() result: {"element-6066-11e4-a52e-4f735466cecf":"00000000-0000-0a0c-ffff-ffff0000000c","ELEMENT":"00000000-0000-0a0c-ffff-ffff0000000c"}
2026-03-08 13:14:11:116 [24dd1753][HTTP] <-- POST /session/24dd1753-2f69-4b9a-9766-c86fec4f0e75/element 200 105 ms - 137 
2026-03-08 13:14:11:121 [24dd1753][HTTP] --> GET /session/24dd1753-2f69-4b9a-9766-c86fec4f0e75/element/00000000-0000-0a0c-ffff-ffff0000000c/displayed 
2026-03-08 13:14:11:123 [24dd1753][AndroidUiautomator2Driver@ec3c] Calling AppiumDriver.elementDisplayed() with args: ["00000000-0000-0a0c-ffff-ffff0000000c","24dd1753-2f69-4b9a-9766-c86fec4f0e75"]
2026-03-08 13:14:11:124 [24dd1753][AndroidUiautomator2Driver@ec3c] Matched '/element/00000000-0000-0a0c-ffff-ffff0000000c/attribute/displayed' to command name 'getAttribute'
2026-03-08 13:14:11:125 [24dd1753][AndroidUiautomator2Driver@ec3c] Proxying [GET /element/00000000-0000-0a0c-ffff-ffff0000000c/attribute/displayed] to [GET http://127.0.0.1:8200/session/d68fccb8-166e-4c85-8e5e-74f207f91791/element/00000000-0000-0a0c-ffff-ffff0000000c/attribute/displayed] with no body
2026-03-08 13:14:11:168 [24dd1753][AndroidUiautomator2Driver@ec3c] Got response with status 200: {"sessionId":"d68fccb8-166e-4c85-8e5e-74f207f91791","value":"true"}
2026-03-08 13:14:11:169 [24dd1753][AndroidUiautomator2Driver@ec3c] Responding to client with driver.elementDisplayed() result: true
2026-03-08 13:14:11:170 [24dd1753][HTTP] <-- GET /session/24dd1753-2f69-4b9a-9766-c86fec4f0e75/element/00000000-0000-0a0c-ffff-ffff0000000c/displayed 200 49 ms - 14 
2026-03-08 13:14:11:175 [24dd1753][HTTP] --> POST /session/24dd1753-2f69-4b9a-9766-c86fec4f0e75/element {"using":"accessibility id","value":"App"}
2026-03-08 13:14:11:175 [24dd1753][AndroidUiautomator2Driver@ec3c] Calling AppiumDriver.findElement() with args: ["accessibility id","App","24dd1753-2f69-4b9a-9766-c86fec4f0e75"]
2026-03-08 13:14:11:176 [24dd1753][AndroidUiautomator2Driver@ec3c] Valid locator strategies for this request: xpath, id, class name, accessibility id, css selector, -android uiautomator
2026-03-08 13:14:11:176 [24dd1753][AndroidUiautomator2Driver@ec3c] Waiting up to 0 ms for condition
2026-03-08 13:14:11:177 [24dd1753][AndroidUiautomator2Driver@ec3c] Matched '/element' to command name 'findElement'
2026-03-08 13:14:11:178 [24dd1753][AndroidUiautomator2Driver@ec3c] Proxying [POST /element] to [POST http://127.0.0.1:8200/session/d68fccb8-166e-4c85-8e5e-74f207f91791/element] with body: {"strategy":"accessibility id","selector":"App","context":"","multiple":false}
2026-03-08 13:14:11:247 [24dd1753][AndroidUiautomator2Driver@ec3c] Got response with status 200: {"sessionId":"d68fccb8-166e-4c85-8e5e-74f207f91791","value":{"ELEMENT":"00000000-0000-0a0c-ffff-ffff0000000c","element-6066-11e4-a52e-4f735466cecf":"00000000-0000-0a0c-ffff-ffff0000000c"}}
2026-03-08 13:14:11:247 [24dd1753][AndroidUiautomator2Driver@ec3c] Responding to client with driver.findElement() result: {"element-6066-11e4-a52e-4f735466cecf":"00000000-0000-0a0c-ffff-ffff0000000c","ELEMENT":"00000000-0000-0a0c-ffff-ffff0000000c"}
2026-03-08 13:14:11:248 [24dd1753][HTTP] <-- POST /session/24dd1753-2f69-4b9a-9766-c86fec4f0e75/element 200 73 ms - 137 
2026-03-08 13:14:11:250 [24dd1753][HTTP] --> GET /session/24dd1753-2f69-4b9a-9766-c86fec4f0e75/element/00000000-0000-0a0c-ffff-ffff0000000c/displayed 
2026-03-08 13:14:11:251 [24dd1753][AndroidUiautomator2Driver@ec3c] Calling AppiumDriver.elementDisplayed() with args: ["00000000-0000-0a0c-ffff-ffff0000000c","24dd1753-2f69-4b9a-9766-c86fec4f0e75"]
2026-03-08 13:14:11:251 [24dd1753][AndroidUiautomator2Driver@ec3c] Matched '/element/00000000-0000-0a0c-ffff-ffff0000000c/attribute/displayed' to command name 'getAttribute'
2026-03-08 13:14:11:252 [24dd1753][AndroidUiautomator2Driver@ec3c] Proxying [GET /element/00000000-0000-0a0c-ffff-ffff0000000c/attribute/displayed] to [GET http://127.0.0.1:8200/session/d68fccb8-166e-4c85-8e5e-74f207f91791/element/00000000-0000-0a0c-ffff-ffff0000000c/attribute/displayed] with no body
2026-03-08 13:14:11:285 [24dd1753][AndroidUiautomator2Driver@ec3c] Got response with status 200: {"sessionId":"d68fccb8-166e-4c85-8e5e-74f207f91791","value":"true"}
2026-03-08 13:14:11:286 [24dd1753][AndroidUiautomator2Driver@ec3c] Responding to client with driver.elementDisplayed() result: true
2026-03-08 13:14:11:286 [24dd1753][HTTP] <-- GET /session/24dd1753-2f69-4b9a-9766-c86fec4f0e75/element/00000000-0000-0a0c-ffff-ffff0000000c/displayed 200 36 ms - 14 
2026-03-08 13:14:11:288 [24dd1753][HTTP] --> GET /session/24dd1753-2f69-4b9a-9766-c86fec4f0e75/element/00000000-0000-0a0c-ffff-ffff0000000c/enabled 
2026-03-08 13:14:11:289 [24dd1753][AndroidUiautomator2Driver@ec3c] Calling AppiumDriver.elementEnabled() with args: ["00000000-0000-0a0c-ffff-ffff0000000c","24dd1753-2f69-4b9a-9766-c86fec4f0e75"]
2026-03-08 13:14:11:290 [24dd1753][AndroidUiautomator2Driver@ec3c] Matched '/element/00000000-0000-0a0c-ffff-ffff0000000c/attribute/enabled' to command name 'getAttribute'
2026-03-08 13:14:11:291 [24dd1753][AndroidUiautomator2Driver@ec3c] Proxying [GET /element/00000000-0000-0a0c-ffff-ffff0000000c/attribute/enabled] to [GET http://127.0.0.1:8200/session/d68fccb8-166e-4c85-8e5e-74f207f91791/element/00000000-0000-0a0c-ffff-ffff0000000c/attribute/enabled] with no body
2026-03-08 13:14:11:323 [24dd1753][AndroidUiautomator2Driver@ec3c] Got response with status 200: {"sessionId":"d68fccb8-166e-4c85-8e5e-74f207f91791","value":"true"}
2026-03-08 13:14:11:324 [24dd1753][AndroidUiautomator2Driver@ec3c] Responding to client with driver.elementEnabled() result: true
2026-03-08 13:14:11:325 [24dd1753][HTTP] <-- GET /session/24dd1753-2f69-4b9a-9766-c86fec4f0e75/element/00000000-0000-0a0c-ffff-ffff0000000c/enabled 200 36 ms - 14 
2026-03-08 13:14:11:328 [24dd1753][HTTP] --> POST /session/24dd1753-2f69-4b9a-9766-c86fec4f0e75/element/00000000-0000-0a0c-ffff-ffff0000000c/click {}
2026-03-08 13:14:11:329 [24dd1753][AndroidUiautomator2Driver@ec3c] Calling AppiumDriver.click() with args: ["00000000-0000-0a0c-ffff-ffff0000000c","24dd1753-2f69-4b9a-9766-c86fec4f0e75"]
2026-03-08 13:14:11:331 [24dd1753][AndroidUiautomator2Driver@ec3c] Matched '/element/00000000-0000-0a0c-ffff-ffff0000000c/click' to command name 'click'
2026-03-08 13:14:11:331 [24dd1753][AndroidUiautomator2Driver@ec3c] Proxying [POST /element/00000000-0000-0a0c-ffff-ffff0000000c/click] to [POST http://127.0.0.1:8200/session/d68fccb8-166e-4c85-8e5e-74f207f91791/element/00000000-0000-0a0c-ffff-ffff0000000c/click] with body: {"element":"00000000-0000-0a0c-ffff-ffff0000000c"}
2026-03-08 13:14:11:420 [24dd1753][AndroidUiautomator2Driver@ec3c] Got response with status 200: {"sessionId":"d68fccb8-166e-4c85-8e5e-74f207f91791","value":null}
2026-03-08 13:14:11:420 [24dd1753][AndroidUiautomator2Driver@ec3c] Responding to client with driver.click() result: null
2026-03-08 13:14:11:421 [24dd1753][HTTP] <-- POST /session/24dd1753-2f69-4b9a-9766-c86fec4f0e75/element/00000000-0000-0a0c-ffff-ffff0000000c/click 200 93 ms - 14 
2026-03-08 13:14:11:430 [24dd1753][HTTP] --> DELETE /session/24dd1753-2f69-4b9a-9766-c86fec4f0e75 
2026-03-08 13:14:11:431 [24dd1753][AndroidUiautomator2Driver@ec3c] Calling AppiumDriver.deleteSession() with args: ["24dd1753-2f69-4b9a-9766-c86fec4f0e75"]
2026-03-08 13:14:11:431 [24dd1753][AppiumDriver@1ae1] Event 'quitSessionRequested' logged at 1772975651431 (18:44:11 GMT+0530 (India Standard Time))
2026-03-08 13:14:11:431 [24dd1753][AppiumDriver@1ae1] Removing session 24dd1753-2f69-4b9a-9766-c86fec4f0e75 from our master session list
2026-03-08 13:14:11:432 [24dd1753][AndroidUiautomator2Driver@ec3c] Deleting UiAutomator2 session
2026-03-08 13:14:11:433 [24dd1753][AndroidUiautomator2Driver@ec3c] Deleting UiAutomator2 server session
2026-03-08 13:14:11:433 [24dd1753][AndroidUiautomator2Driver@ec3c] Proxying [DELETE /] to [DELETE http://127.0.0.1:8200/session/d68fccb8-166e-4c85-8e5e-74f207f91791] with no body
2026-03-08 13:14:11:456 [24dd1753][AndroidUiautomator2Driver@ec3c] Got response with status 200: {"sessionId":"d68fccb8-166e-4c85-8e5e-74f207f91791","value":null}
2026-03-08 13:14:11:457 [24dd1753][ADB] Getting IDs of all 'io.appium.uiautomator2.server' processes
2026-03-08 13:14:11:457 [24dd1753][ADB] Running 'C:\Users\Srinath\AppData\Local\Android\Sdk\platform-tools\adb.exe -P 5037 -s KZ4HUSYP65USP7HY shell ps --help'
2026-03-08 13:14:11:522 [24dd1753][AndroidUiautomator2Driver@ec3c] [Instrumentation] io.appium.uiautomator2.server.test.AppiumUiAutomator2Server:.
2026-03-08 13:14:11:522 [24dd1753][AndroidUiautomator2Driver@ec3c] [Instrumentation] 
2026-03-08 13:14:11:522 [24dd1753][AndroidUiautomator2Driver@ec3c] [Instrumentation] Time: 4.829
2026-03-08 13:14:11:522 [24dd1753][AndroidUiautomator2Driver@ec3c] [Instrumentation] 
2026-03-08 13:14:11:522 [24dd1753][AndroidUiautomator2Driver@ec3c] [Instrumentation] OK (1 test)
2026-03-08 13:14:11:522 [24dd1753][AndroidUiautomator2Driver@ec3c] [Instrumentation] 
2026-03-08 13:14:11:522 [24dd1753][AndroidUiautomator2Driver@ec3c] [Instrumentation] 
2026-03-08 13:14:11:566 [24dd1753][ADB] Running 'C:\Users\Srinath\AppData\Local\Android\Sdk\platform-tools\adb.exe -P 5037 -s KZ4HUSYP65USP7HY shell ps -A'
2026-03-08 13:14:11:596 [24dd1753][AndroidUiautomator2Driver@ec3c] [Instrumentation] The process has exited with code 0, signal null
2026-03-08 13:14:11:775 [24dd1753][ADB] Running 'C:\Users\Srinath\AppData\Local\Android\Sdk\platform-tools\adb.exe -P 5037 -s KZ4HUSYP65USP7HY shell am force-stop io.appium.uiautomator2.server'
2026-03-08 13:14:11:778 [24dd1753][ADB] Running 'C:\Users\Srinath\AppData\Local\Android\Sdk\platform-tools\adb.exe -P 5037 -s KZ4HUSYP65USP7HY shell am force-stop io.appium.uiautomator2.server.test'
2026-03-08 13:14:11:932 [24dd1753][ADB] Running 'C:\Users\Srinath\AppData\Local\Android\Sdk\platform-tools\adb.exe -P 5037 -s KZ4HUSYP65USP7HY shell dumpsys activity services io.appium.settings/.recorder.RecorderService'
2026-03-08 13:14:11:937 [24dd1753][ADB] Running 'C:\Users\Srinath\AppData\Local\Android\Sdk\platform-tools\adb.exe -P 5037 -s KZ4HUSYP65USP7HY shell am force-stop io.appium.android.apis'
2026-03-08 13:14:12:121 [24dd1753][ADB] Removing forwarded port socket connection: 8200 
2026-03-08 13:14:12:121 [24dd1753][ADB] Running 'C:\Users\Srinath\AppData\Local\Android\Sdk\platform-tools\adb.exe -P 5037 -s KZ4HUSYP65USP7HY forward --remove tcp:8200'
2026-03-08 13:14:12:199 [24dd1753][AndroidUiautomator2Driver@ec3c] Restoring hidden api policy to the device default configuration
2026-03-08 13:14:12:199 [24dd1753][ADB] Running 'C:\Users\Srinath\AppData\Local\Android\Sdk\platform-tools\adb.exe -P 5037 -s KZ4HUSYP65USP7HY shell 'settings delete global hidden_api_policy_pre_p_apps;settings delete global hidden_api_policy_p_apps;settings delete global hidden_api_policy''
2026-03-08 13:14:12:380 [24dd1753][Logcat] Stopping logcat capture
2026-03-08 13:14:12:411 [24dd1753][AppiumDriver@1ae1] Event 'quitSessionFinished' logged at 1772975652411 (18:44:12 GMT+0530 (India Standard Time))
2026-03-08 13:14:12:411 [24dd1753][AppiumDriver@1ae1] Received response: null
2026-03-08 13:14:12:411 [24dd1753][AppiumDriver@1ae1] But deleting session, so not returning
2026-03-08 13:14:12:411 [24dd1753][AppiumDriver@1ae1] Responding to client with driver.deleteSession() result: null
2026-03-08 13:14:12:412 [24dd1753][HTTP] <-- DELETE /session/24dd1753-2f69-4b9a-9766-c86fec4f0e75 200 982 ms - 14 
